  [1m[36m (112.2ms)[0m  [1mCREATE TABLE `schema_migrations` (`version` varchar(255) NOT NULL) ENGINE=InnoDB[0m
  [1m[35m (208.2ms)[0m  CREATE UNIQUE INDEX `unique_schema_migrations` ON `schema_migrations` (`version`)
  [1m[36m (0.7ms)[0m  [1mSELECT `schema_migrations`.`version` FROM `schema_migrations` [0m
Migrating to CreateUsers (20120525152227)
  [1m[35m (51.8ms)[0m  CREATE TABLE `user` (`id` int(11) DEFAULT NULL auto_increment PRIMARY KEY, `first_name` varchar(255) NOT NULL, `last_name` varchar(255) NOT NULL, `email` varchar(255) NOT NULL, `hashed_password` varchar(255)) ENGINE=InnoDB
  [1m[36m (3.8ms)[0m  [1mINSERT INTO `schema_migrations` (`version`) VALUES ('20120525152227')[0m
Migrating to CreateAccounts (20120525152350)
  [1m[35m (0.6ms)[0m  CREATE TABLE `user` (`id` int(11) DEFAULT NULL auto_increment PRIMARY KEY, `user_id` int(11) NOT NULL, `name` varchar(255) NOT NULL, `balance` decimal DEFAULT 0.0) ENGINE=InnoDB
Mysql2::Error: Table 'user' already exists: CREATE TABLE `user` (`id` int(11) DEFAULT NULL auto_increment PRIMARY KEY, `user_id` int(11) NOT NULL, `name` varchar(255) NOT NULL, `balance` decimal DEFAULT 0.0) ENGINE=InnoDB
  [1m[36m (99.1ms)[0m  [1mCREATE TABLE `schema_migrations` (`version` varchar(255) NOT NULL) ENGINE=InnoDB[0m
  [1m[35m (97.3ms)[0m  CREATE UNIQUE INDEX `unique_schema_migrations` ON `schema_migrations` (`version`)
  [1m[36m (0.7ms)[0m  [1mSELECT `schema_migrations`.`version` FROM `schema_migrations` [0m
Migrating to CreateUsers (20120525152227)
  [1m[35m (69.5ms)[0m  CREATE TABLE `users` (`id` int(11) DEFAULT NULL auto_increment PRIMARY KEY, `first_name` varchar(255) NOT NULL, `last_name` varchar(255) NOT NULL, `email` varchar(255) NOT NULL, `hashed_password` varchar(255)) ENGINE=InnoDB
  [1m[36m (8.2ms)[0m  [1mINSERT INTO `schema_migrations` (`version`) VALUES ('20120525152227')[0m
Migrating to CreateAccounts (20120525152350)
  [1m[35m (63.5ms)[0m  CREATE TABLE `accounts` (`id` int(11) DEFAULT NULL auto_increment PRIMARY KEY, `user_id` int(11) NOT NULL, `name` varchar(255) NOT NULL, `balance` decimal DEFAULT 0.0) ENGINE=InnoDB
  [1m[36m (8.8ms)[0m  [1mINSERT INTO `schema_migrations` (`version`) VALUES ('20120525152350')[0m
  [1m[35m (0.6ms)[0m  SELECT `schema_migrations`.`version` FROM `schema_migrations` 
  [1m[36m (0.3ms)[0m  [1mSELECT `schema_migrations`.`version` FROM `schema_migrations` [0m
  [1m[35m (72.6ms)[0m  DROP TABLE `users`
  [1m[36m (5.9ms)[0m  [1mDELETE FROM `schema_migrations` WHERE `schema_migrations`.`version` = '20120525152227'[0m
  [1m[35m (0.6ms)[0m  SELECT `schema_migrations`.`version` FROM `schema_migrations` 
  [1m[36m (0.3ms)[0m  [1mSELECT `schema_migrations`.`version` FROM `schema_migrations` [0m
  [1m[35m (96.9ms)[0m  CREATE TABLE `users` (`id` int(11) DEFAULT NULL auto_increment PRIMARY KEY, `username` varchar(255) NOT NULL, `first_name` varchar(255) NOT NULL, `last_name` varchar(255) NOT NULL, `email` varchar(255) NOT NULL, `hashed_password` varchar(255)) ENGINE=InnoDB
  [1m[36m (5.1ms)[0m  [1mINSERT INTO `schema_migrations` (`version`) VALUES ('20120525152227')[0m
  [1m[35m (0.6ms)[0m  SELECT `schema_migrations`.`version` FROM `schema_migrations` 


Started GET "/assets/rails.png" for 192.168.1.75 at 2012-05-25 18:03:43 -0400

ActionController::RoutingError (No route matches [GET] "/assets/rails.png"):
  actionpack (3.2.2) lib/action_dispatch/middleware/debug_exceptions.rb:21:in `call'
  actionpack (3.2.2) lib/action_dispatch/middleware/show_exceptions.rb:56:in `call'
  railties (3.2.2) lib/rails/rack/logger.rb:26:in `call_app'
  railties (3.2.2) lib/rails/rack/logger.rb:16:in `call'
  actionpack (3.2.2) lib/action_dispatch/middleware/request_id.rb:22:in `call'
  rack (1.4.1) lib/rack/methodoverride.rb:21:in `call'
  rack (1.4.1) lib/rack/runtime.rb:17:in `call'
  activesupport (3.2.2) lib/active_support/cache/strategy/local_cache.rb:72:in `call'
  rack (1.4.1) lib/rack/lock.rb:15:in `call'
  actionpack (3.2.2) lib/action_dispatch/middleware/static.rb:61:in `call'
  railties (3.2.2) lib/rails/engine.rb:479:in `call'
  railties (3.2.2) lib/rails/application.rb:220:in `call'
  rack (1.4.1) lib/rack/content_length.rb:14:in `call'
  railties (3.2.2) lib/rails/rack/log_tailer.rb:14:in `call'
  rack (1.4.1) lib/rack/handler/webrick.rb:59:in `service'
  /usr/local/lib/ruby/1.9.1/webrick/httpserver.rb:138:in `service'
  /usr/local/lib/ruby/1.9.1/webrick/httpserver.rb:94:in `run'
  /usr/local/lib/ruby/1.9.1/webrick/server.rb:191:in `block in start_thread'


  Rendered /usr/local/lib/ruby/gems/1.9.1/gems/actionpack-3.2.2/lib/action_dispatch/middleware/templates/rescues/routing_error.erb within rescues/layout (0.6ms)


Started GET "/login" for 192.168.1.75 at 2012-05-25 18:03:47 -0400
Processing by UsersController#login as HTML
  Rendered users/login.html.haml within layouts/application (5.4ms)
Completed 200 OK in 19ms (Views: 10.0ms | ActiveRecord: 0.0ms)


Started GET "/stylesheets/application.css" for 192.168.1.75 at 2012-05-25 18:03:48 -0400

ActionController::RoutingError (No route matches [GET] "/stylesheets/application.css"):
  actionpack (3.2.2) lib/action_dispatch/middleware/debug_exceptions.rb:21:in `call'
  actionpack (3.2.2) lib/action_dispatch/middleware/show_exceptions.rb:56:in `call'
  railties (3.2.2) lib/rails/rack/logger.rb:26:in `call_app'
  railties (3.2.2) lib/rails/rack/logger.rb:16:in `call'
  actionpack (3.2.2) lib/action_dispatch/middleware/request_id.rb:22:in `call'
  rack (1.4.1) lib/rack/methodoverride.rb:21:in `call'
  rack (1.4.1) lib/rack/runtime.rb:17:in `call'
  activesupport (3.2.2) lib/active_support/cache/strategy/local_cache.rb:72:in `call'
  rack (1.4.1) lib/rack/lock.rb:15:in `call'
  actionpack (3.2.2) lib/action_dispatch/middleware/static.rb:61:in `call'
  railties (3.2.2) lib/rails/engine.rb:479:in `call'
  railties (3.2.2) lib/rails/application.rb:220:in `call'
  rack (1.4.1) lib/rack/content_length.rb:14:in `call'
  railties (3.2.2) lib/rails/rack/log_tailer.rb:14:in `call'
  rack (1.4.1) lib/rack/handler/webrick.rb:59:in `service'
  /usr/local/lib/ruby/1.9.1/webrick/httpserver.rb:138:in `service'
  /usr/local/lib/ruby/1.9.1/webrick/httpserver.rb:94:in `run'
  /usr/local/lib/ruby/1.9.1/webrick/server.rb:191:in `block in start_thread'


  Rendered /usr/local/lib/ruby/gems/1.9.1/gems/actionpack-3.2.2/lib/action_dispatch/middleware/templates/rescues/routing_error.erb within rescues/layout (1.1ms)


Started GET "/login" for 192.168.1.75 at 2012-05-25 18:05:23 -0400
Processing by UsersController#login as HTML
  Rendered users/login.html.haml within layouts/application (2.5ms)
Completed 200 OK in 6ms (Views: 5.5ms | ActiveRecord: 0.0ms)


Started POST "/login" for 192.168.1.75 at 2012-05-25 18:05:31 -0400
Processing by UsersController#login as HTML
  Parameters: {"utf8"=>"✓", "authenticity_token"=>"SiP+9lhDeYbFOkpqezpCx/RSIQf2nfeg3ItBd0O/Jfg=", "user"=>{"username"=>"dvandersluis", "password"=>"[FILTERED]"}, "commit"=>"Sign In"}
  [1m[36mUser Load (0.6ms)[0m  [1mSELECT `users`.* FROM `users` WHERE `users`.`username` IS NULL LIMIT 1[0m
  Rendered users/login.html.haml within layouts/application (2.4ms)
Completed 200 OK in 49ms (Views: 5.4ms | ActiveRecord: 0.6ms)


Started GET "/stylesheets/application.css" for 192.168.1.75 at 2012-05-25 18:05:31 -0400

ActionController::RoutingError (No route matches [GET] "/stylesheets/application.css"):
  actionpack (3.2.2) lib/action_dispatch/middleware/debug_exceptions.rb:21:in `call'
  actionpack (3.2.2) lib/action_dispatch/middleware/show_exceptions.rb:56:in `call'
  railties (3.2.2) lib/rails/rack/logger.rb:26:in `call_app'
  railties (3.2.2) lib/rails/rack/logger.rb:16:in `call'
  actionpack (3.2.2) lib/action_dispatch/middleware/request_id.rb:22:in `call'
  rack (1.4.1) lib/rack/methodoverride.rb:21:in `call'
  rack (1.4.1) lib/rack/runtime.rb:17:in `call'
  activesupport (3.2.2) lib/active_support/cache/strategy/local_cache.rb:72:in `call'
  rack (1.4.1) lib/rack/lock.rb:15:in `call'
  actionpack (3.2.2) lib/action_dispatch/middleware/static.rb:61:in `call'
  railties (3.2.2) lib/rails/engine.rb:479:in `call'
  railties (3.2.2) lib/rails/application.rb:220:in `call'
  rack (1.4.1) lib/rack/content_length.rb:14:in `call'
  railties (3.2.2) lib/rails/rack/log_tailer.rb:14:in `call'
  rack (1.4.1) lib/rack/handler/webrick.rb:59:in `service'
  /usr/local/lib/ruby/1.9.1/webrick/httpserver.rb:138:in `service'
  /usr/local/lib/ruby/1.9.1/webrick/httpserver.rb:94:in `run'
  /usr/local/lib/ruby/1.9.1/webrick/server.rb:191:in `block in start_thread'


  Rendered /usr/local/lib/ruby/gems/1.9.1/gems/actionpack-3.2.2/lib/action_dispatch/middleware/templates/rescues/routing_error.erb within rescues/layout (0.7ms)


Started POST "/login" for 192.168.1.75 at 2012-05-25 18:06:55 -0400
Processing by UsersController#login as HTML
  Parameters: {"utf8"=>"✓", "authenticity_token"=>"SiP+9lhDeYbFOkpqezpCx/RSIQf2nfeg3ItBd0O/Jfg=", "user"=>{"username"=>"dvandersluis", "password"=>"[FILTERED]"}, "commit"=>"Sign In"}
  [1m[35mUser Load (0.3ms)[0m  SELECT `users`.* FROM `users` WHERE `users`.`username` IS NULL LIMIT 1
  Rendered users/login.html.haml within layouts/application (2.5ms)
Completed 200 OK in 8ms (Views: 6.2ms | ActiveRecord: 0.3ms)


Started GET "/stylesheets/application.css" for 192.168.1.75 at 2012-05-25 18:06:55 -0400

ActionController::RoutingError (No route matches [GET] "/stylesheets/application.css"):
  actionpack (3.2.2) lib/action_dispatch/middleware/debug_exceptions.rb:21:in `call'
  actionpack (3.2.2) lib/action_dispatch/middleware/show_exceptions.rb:56:in `call'
  railties (3.2.2) lib/rails/rack/logger.rb:26:in `call_app'
  railties (3.2.2) lib/rails/rack/logger.rb:16:in `call'
  actionpack (3.2.2) lib/action_dispatch/middleware/request_id.rb:22:in `call'
  rack (1.4.1) lib/rack/methodoverride.rb:21:in `call'
  rack (1.4.1) lib/rack/runtime.rb:17:in `call'
  activesupport (3.2.2) lib/active_support/cache/strategy/local_cache.rb:72:in `call'
  rack (1.4.1) lib/rack/lock.rb:15:in `call'
  actionpack (3.2.2) lib/action_dispatch/middleware/static.rb:61:in `call'
  railties (3.2.2) lib/rails/engine.rb:479:in `call'
  railties (3.2.2) lib/rails/application.rb:220:in `call'
  rack (1.4.1) lib/rack/content_length.rb:14:in `call'
  railties (3.2.2) lib/rails/rack/log_tailer.rb:14:in `call'
  rack (1.4.1) lib/rack/handler/webrick.rb:59:in `service'
  /usr/local/lib/ruby/1.9.1/webrick/httpserver.rb:138:in `service'
  /usr/local/lib/ruby/1.9.1/webrick/httpserver.rb:94:in `run'
  /usr/local/lib/ruby/1.9.1/webrick/server.rb:191:in `block in start_thread'


  Rendered /usr/local/lib/ruby/gems/1.9.1/gems/actionpack-3.2.2/lib/action_dispatch/middleware/templates/rescues/routing_error.erb within rescues/layout (0.6ms)


Started POST "/login" for 192.168.1.75 at 2012-05-25 18:07:24 -0400
Processing by UsersController#login as HTML
  Parameters: {"utf8"=>"✓", "authenticity_token"=>"SiP+9lhDeYbFOkpqezpCx/RSIQf2nfeg3ItBd0O/Jfg=", "user"=>{"username"=>"dvandersluis", "password"=>"[FILTERED]"}, "commit"=>"Sign In"}
  [1m[36mUser Load (0.4ms)[0m  [1mSELECT `users`.* FROM `users` WHERE `users`.`username` IS NULL LIMIT 1[0m
  Rendered users/login.html.haml within layouts/application (3.6ms)
Completed 200 OK in 69ms (Views: 33.6ms | ActiveRecord: 0.4ms)


Started GET "/stylesheets/application.css" for 192.168.1.75 at 2012-05-25 18:07:25 -0400

ActionController::RoutingError (No route matches [GET] "/stylesheets/application.css"):
  actionpack (3.2.2) lib/action_dispatch/middleware/debug_exceptions.rb:21:in `call'
  actionpack (3.2.2) lib/action_dispatch/middleware/show_exceptions.rb:56:in `call'
  railties (3.2.2) lib/rails/rack/logger.rb:26:in `call_app'
  railties (3.2.2) lib/rails/rack/logger.rb:16:in `call'
  actionpack (3.2.2) lib/action_dispatch/middleware/request_id.rb:22:in `call'
  rack (1.4.1) lib/rack/methodoverride.rb:21:in `call'
  rack (1.4.1) lib/rack/runtime.rb:17:in `call'
  activesupport (3.2.2) lib/active_support/cache/strategy/local_cache.rb:72:in `call'
  rack (1.4.1) lib/rack/lock.rb:15:in `call'
  actionpack (3.2.2) lib/action_dispatch/middleware/static.rb:61:in `call'
  railties (3.2.2) lib/rails/engine.rb:479:in `call'
  railties (3.2.2) lib/rails/application.rb:220:in `call'
  rack (1.4.1) lib/rack/content_length.rb:14:in `call'
  railties (3.2.2) lib/rails/rack/log_tailer.rb:14:in `call'
  rack (1.4.1) lib/rack/handler/webrick.rb:59:in `service'
  /usr/local/lib/ruby/1.9.1/webrick/httpserver.rb:138:in `service'
  /usr/local/lib/ruby/1.9.1/webrick/httpserver.rb:94:in `run'
  /usr/local/lib/ruby/1.9.1/webrick/server.rb:191:in `block in start_thread'


  Rendered /usr/local/lib/ruby/gems/1.9.1/gems/actionpack-3.2.2/lib/action_dispatch/middleware/templates/rescues/routing_error.erb within rescues/layout (0.6ms)


Started POST "/login" for 192.168.1.75 at 2012-05-25 18:07:41 -0400
Processing by UsersController#login as HTML
  Parameters: {"utf8"=>"✓", "authenticity_token"=>"SiP+9lhDeYbFOkpqezpCx/RSIQf2nfeg3ItBd0O/Jfg=", "user"=>{"username"=>"dvandersluis", "password"=>"[FILTERED]"}, "commit"=>"Sign In"}
  [1m[35mUser Load (0.3ms)[0m  SELECT `users`.* FROM `users` WHERE `users`.`username` IS NULL LIMIT 1
  Rendered users/login.html.haml within layouts/application (2.5ms)
Completed 200 OK in 7ms (Views: 5.1ms | ActiveRecord: 0.3ms)


Started POST "/login" for 192.168.1.75 at 2012-05-25 18:09:09 -0400
Processing by UsersController#login as HTML
  Parameters: {"utf8"=>"✓", "authenticity_token"=>"SiP+9lhDeYbFOkpqezpCx/RSIQf2nfeg3ItBd0O/Jfg=", "user"=>{"username"=>"dvandersluis", "password"=>"[FILTERED]"}, "commit"=>"Sign In"}
  [1m[36mUser Load (0.4ms)[0m  [1mSELECT `users`.* FROM `users` WHERE `users`.`username` IS NULL LIMIT 1[0m
  Rendered users/login.html.haml within layouts/application (2.5ms)
Completed 200 OK in 67ms (Views: 31.0ms | ActiveRecord: 0.4ms)


Started GET "/login" for 192.168.1.75 at 2012-05-25 18:09:11 -0400
Processing by UsersController#login as HTML
  Rendered users/login.html.haml within layouts/application (1.4ms)
Completed 200 OK in 4ms (Views: 3.3ms | ActiveRecord: 0.0ms)


Started GET "/login" for 192.168.1.75 at 2012-05-25 18:09:13 -0400
Processing by UsersController#login as HTML
  Rendered users/login.html.haml within layouts/application (1.7ms)
Completed 200 OK in 4ms (Views: 3.8ms | ActiveRecord: 0.0ms)


Started POST "/login" for 192.168.1.75 at 2012-05-25 18:09:17 -0400
Processing by UsersController#login as HTML
  Parameters: {"utf8"=>"✓", "authenticity_token"=>"SiP+9lhDeYbFOkpqezpCx/RSIQf2nfeg3ItBd0O/Jfg=", "username"=>"dvandersluis", "password"=>"[FILTERED]", "commit"=>"Sign In"}
  [1m[35mUser Load (0.7ms)[0m  SELECT `users`.* FROM `users` WHERE `users`.`username` = 'dvandersluis' LIMIT 1
Redirected to http://192.168.1.77:3000/accounts
Completed 302 Found in 3ms (ActiveRecord: 0.7ms)


Started GET "/accounts" for 192.168.1.75 at 2012-05-25 18:09:17 -0400
Processing by AccountsController#index as HTML
  [1m[36mUser Load (0.7ms)[0m  [1mSELECT `users`.* FROM `users` WHERE `users`.`id` = 1 LIMIT 1[0m
  [1m[35mCACHE (0.0ms)[0m  SELECT `users`.* FROM `users` WHERE `users`.`id` = 1 LIMIT 1
  Rendered text template (0.0ms)
Completed 200 OK in 46ms (Views: 2.7ms | ActiveRecord: 0.7ms)


Started GET "/accounts" for 192.168.1.75 at 2012-05-25 18:11:15 -0400
Processing by AccountsController#index as HTML
  [1m[36mUser Load (0.4ms)[0m  [1mSELECT `users`.* FROM `users` WHERE `users`.`id` = 1 LIMIT 1[0m
  [1m[35mCACHE (0.0ms)[0m  SELECT `users`.* FROM `users` WHERE `users`.`id` = 1 LIMIT 1
  Rendered text template (0.0ms)
Completed 200 OK in 3ms (Views: 0.4ms | ActiveRecord: 0.4ms)


Started GET "/accounts" for 192.168.1.75 at 2012-05-25 18:11:16 -0400
Processing by AccountsController#index as HTML
  [1m[36mUser Load (0.4ms)[0m  [1mSELECT `users`.* FROM `users` WHERE `users`.`id` = 1 LIMIT 1[0m
  [1m[35mCACHE (0.0ms)[0m  SELECT `users`.* FROM `users` WHERE `users`.`id` = 1 LIMIT 1
  Rendered text template (0.0ms)
Completed 200 OK in 2ms (Views: 0.3ms | ActiveRecord: 0.4ms)


Started GET "/accounts" for 192.168.1.75 at 2012-05-25 18:11:39 -0400
Processing by AccountsController#index as HTML
  [1m[36mUser Load (0.3ms)[0m  [1mSELECT `users`.* FROM `users` WHERE `users`.`id` = 1 LIMIT 1[0m
  [1m[35mCACHE (0.0ms)[0m  SELECT `users`.* FROM `users` WHERE `users`.`id` = 1 LIMIT 1
  [1m[36m (0.7ms)[0m  [1mSELECT COUNT(*) FROM `accounts` WHERE `accounts`.`user_id` = 1[0m
  Rendered accounts/index.html.haml within layouts/application (11.8ms)
Completed 200 OK in 36ms (Views: 13.5ms | ActiveRecord: 3.5ms)


Started GET "/accounts" for 192.168.1.75 at 2012-05-25 18:12:18 -0400
Processing by AccountsController#index as HTML
  [1m[35mUser Load (0.4ms)[0m  SELECT `users`.* FROM `users` WHERE `users`.`id` = 1 LIMIT 1
  [1m[36mCACHE (0.0ms)[0m  [1mSELECT `users`.* FROM `users` WHERE `users`.`id` = 1 LIMIT 1[0m
  [1m[35m (0.6ms)[0m  SELECT COUNT(*) FROM `accounts` WHERE `accounts`.`user_id` = 1
  [1m[36mAccount Load (0.8ms)[0m  [1mSELECT `accounts`.* FROM `accounts` WHERE `accounts`.`user_id` = 1[0m
  Rendered accounts/index.html.haml within layouts/application (10.2ms)
Completed 500 Internal Server Error in 14ms

ActionController::RoutingError (No route matches {:action=>"deposit", :controller=>"accounts"}):
  app/views/accounts/index.html.haml:16:in `block in _app_views_accounts_index_html_haml___4422467419638465952_29854080'
  app/views/accounts/index.html.haml:11:in `_app_views_accounts_index_html_haml___4422467419638465952_29854080'


  Rendered /usr/local/lib/ruby/gems/1.9.1/gems/actionpack-3.2.2/lib/action_dispatch/middleware/templates/rescues/routing_error.erb within rescues/layout (0.7ms)


Started GET "/accounts" for 192.168.1.75 at 2012-05-25 18:12:41 -0400
Processing by AccountsController#index as HTML
  [1m[35mUser Load (0.3ms)[0m  SELECT `users`.* FROM `users` WHERE `users`.`id` = 1 LIMIT 1
  [1m[36mCACHE (0.0ms)[0m  [1mSELECT `users`.* FROM `users` WHERE `users`.`id` = 1 LIMIT 1[0m
  [1m[35m (0.2ms)[0m  SELECT COUNT(*) FROM `accounts` WHERE `accounts`.`user_id` = 1
  [1m[36mAccount Load (0.3ms)[0m  [1mSELECT `accounts`.* FROM `accounts` WHERE `accounts`.`user_id` = 1[0m
  Rendered accounts/index.html.haml within layouts/application (35.9ms)
Completed 500 Internal Server Error in 40ms

ActionController::RoutingError (No route matches {:action=>"deposit", :controller=>"accounts"}):
  app/views/accounts/index.html.haml:16:in `block in _app_views_accounts_index_html_haml___4422467419638465952_43852640'
  app/views/accounts/index.html.haml:11:in `_app_views_accounts_index_html_haml___4422467419638465952_43852640'


  Rendered /usr/local/lib/ruby/gems/1.9.1/gems/actionpack-3.2.2/lib/action_dispatch/middleware/templates/rescues/routing_error.erb within rescues/layout (0.7ms)


Started GET "/accounts" for 192.168.1.75 at 2012-05-25 18:12:42 -0400
Processing by AccountsController#index as HTML
  [1m[35mUser Load (0.4ms)[0m  SELECT `users`.* FROM `users` WHERE `users`.`id` = 1 LIMIT 1
  [1m[36mCACHE (0.0ms)[0m  [1mSELECT `users`.* FROM `users` WHERE `users`.`id` = 1 LIMIT 1[0m
  [1m[35m (0.2ms)[0m  SELECT COUNT(*) FROM `accounts` WHERE `accounts`.`user_id` = 1
  [1m[36mAccount Load (0.3ms)[0m  [1mSELECT `accounts`.* FROM `accounts` WHERE `accounts`.`user_id` = 1[0m
  Rendered accounts/index.html.haml within layouts/application (3.5ms)
Completed 500 Internal Server Error in 7ms

ActionController::RoutingError (No route matches {:action=>"deposit", :controller=>"accounts"}):
  app/views/accounts/index.html.haml:16:in `block in _app_views_accounts_index_html_haml___4422467419638465952_43852640'
  app/views/accounts/index.html.haml:11:in `_app_views_accounts_index_html_haml___4422467419638465952_43852640'


  Rendered /usr/local/lib/ruby/gems/1.9.1/gems/actionpack-3.2.2/lib/action_dispatch/middleware/templates/rescues/routing_error.erb within rescues/layout (0.6ms)


Started GET "/accounts" for 192.168.1.75 at 2012-05-25 18:13:05 -0400
Processing by AccountsController#index as HTML
  [1m[35mUser Load (0.4ms)[0m  SELECT `users`.* FROM `users` WHERE `users`.`id` = 1 LIMIT 1
  [1m[36mCACHE (0.0ms)[0m  [1mSELECT `users`.* FROM `users` WHERE `users`.`id` = 1 LIMIT 1[0m
  [1m[35m (0.2ms)[0m  SELECT COUNT(*) FROM `accounts` WHERE `accounts`.`user_id` = 1
  [1m[36mAccount Load (0.3ms)[0m  [1mSELECT `accounts`.* FROM `accounts` WHERE `accounts`.`user_id` = 1[0m
  Rendered accounts/index.html.haml within layouts/application (6.5ms)
Completed 500 Internal Server Error in 10ms

ActionController::RoutingError (No route matches {:action=>"deposit", :controller=>"accounts"}):
  app/views/accounts/index.html.haml:16:in `block in _app_views_accounts_index_html_haml___4422467419638465952_25196000'
  app/views/accounts/index.html.haml:11:in `_app_views_accounts_index_html_haml___4422467419638465952_25196000'


  Rendered /usr/local/lib/ruby/gems/1.9.1/gems/actionpack-3.2.2/lib/action_dispatch/middleware/templates/rescues/routing_error.erb within rescues/layout (0.7ms)


Started GET "/accounts" for 192.168.1.75 at 2012-05-25 18:13:05 -0400
Processing by AccountsController#index as HTML
  [1m[35mUser Load (0.4ms)[0m  SELECT `users`.* FROM `users` WHERE `users`.`id` = 1 LIMIT 1
  [1m[36mCACHE (0.0ms)[0m  [1mSELECT `users`.* FROM `users` WHERE `users`.`id` = 1 LIMIT 1[0m
  [1m[35m (0.2ms)[0m  SELECT COUNT(*) FROM `accounts` WHERE `accounts`.`user_id` = 1
  [1m[36mAccount Load (0.3ms)[0m  [1mSELECT `accounts`.* FROM `accounts` WHERE `accounts`.`user_id` = 1[0m
  Rendered accounts/index.html.haml within layouts/application (3.3ms)
Completed 500 Internal Server Error in 7ms

ActionController::RoutingError (No route matches {:action=>"deposit", :controller=>"accounts"}):
  app/views/accounts/index.html.haml:16:in `block in _app_views_accounts_index_html_haml___4422467419638465952_25196000'
  app/views/accounts/index.html.haml:11:in `_app_views_accounts_index_html_haml___4422467419638465952_25196000'


  Rendered /usr/local/lib/ruby/gems/1.9.1/gems/actionpack-3.2.2/lib/action_dispatch/middleware/templates/rescues/routing_error.erb within rescues/layout (0.6ms)


Started GET "/accounts" for 192.168.1.75 at 2012-05-25 18:13:41 -0400
Processing by AccountsController#index as HTML
  [1m[35mUser Load (0.4ms)[0m  SELECT `users`.* FROM `users` WHERE `users`.`id` = 1 LIMIT 1
  [1m[36mCACHE (0.0ms)[0m  [1mSELECT `users`.* FROM `users` WHERE `users`.`id` = 1 LIMIT 1[0m
  [1m[35m (0.2ms)[0m  SELECT COUNT(*) FROM `accounts` WHERE `accounts`.`user_id` = 1
  [1m[36mAccount Load (0.3ms)[0m  [1mSELECT `accounts`.* FROM `accounts` WHERE `accounts`.`user_id` = 1[0m
  Rendered accounts/index.html.haml within layouts/application (6.6ms)
Completed 500 Internal Server Error in 10ms

ActionController::RoutingError (No route matches {:action=>"deposit", :controller=>"accounts", :method=>:get}):
  app/views/accounts/index.html.haml:16:in `block in _app_views_accounts_index_html_haml___4422467419638465952_43487640'
  app/views/accounts/index.html.haml:11:in `_app_views_accounts_index_html_haml___4422467419638465952_43487640'


  Rendered /usr/local/lib/ruby/gems/1.9.1/gems/actionpack-3.2.2/lib/action_dispatch/middleware/templates/rescues/routing_error.erb within rescues/layout (0.7ms)


Started GET "/accounts" for 192.168.1.75 at 2012-05-25 18:14:13 -0400
Processing by AccountsController#index as HTML
  [1m[35mUser Load (0.3ms)[0m  SELECT `users`.* FROM `users` WHERE `users`.`id` = 1 LIMIT 1
  [1m[36mCACHE (0.0ms)[0m  [1mSELECT `users`.* FROM `users` WHERE `users`.`id` = 1 LIMIT 1[0m
  [1m[35m (0.2ms)[0m  SELECT COUNT(*) FROM `accounts` WHERE `accounts`.`user_id` = 1
  [1m[36mAccount Load (0.3ms)[0m  [1mSELECT `accounts`.* FROM `accounts` WHERE `accounts`.`user_id` = 1[0m
  Rendered accounts/index.html.haml within layouts/application (7.7ms)
Completed 200 OK in 12ms (Views: 9.2ms | ActiveRecord: 0.9ms)


Started GET "/accounts/1/deposit" for 192.168.1.75 at 2012-05-25 18:14:17 -0400
Processing by AccountsController#deposit as HTML
  Parameters: {"id"=>"1"}
  [1m[35mUser Load (0.3ms)[0m  SELECT `users`.* FROM `users` WHERE `users`.`id` = 1 LIMIT 1
  [1m[36mAccount Load (0.6ms)[0m  [1mSELECT `accounts`.* FROM `accounts` WHERE `accounts`.`id` = 1 LIMIT 1[0m
  Rendered text template (0.0ms)
Completed 200 OK in 3ms (Views: 0.4ms | ActiveRecord: 1.0ms)


Started GET "/accounts/1/deposit" for 192.168.1.75 at 2012-05-25 18:14:28 -0400
Processing by AccountsController#deposit as HTML
  Parameters: {"id"=>"1"}
  [1m[35mUser Load (0.3ms)[0m  SELECT `users`.* FROM `users` WHERE `users`.`id` = 1 LIMIT 1
  [1m[36mAccount Load (0.3ms)[0m  [1mSELECT `accounts`.* FROM `accounts` WHERE `accounts`.`id` = 1 LIMIT 1[0m
  Rendered accounts/deposit.html.haml within layouts/application (3.0ms)
Completed 200 OK in 33ms (Views: 5.5ms | ActiveRecord: 3.1ms)


Started POST "/accounts/1/deposit" for 192.168.1.75 at 2012-05-25 18:14:34 -0400
Processing by AccountsController#deposit as HTML
  Parameters: {"utf8"=>"✓", "authenticity_token"=>"SiP+9lhDeYbFOkpqezpCx/RSIQf2nfeg3ItBd0O/Jfg=", "amount"=>"50", "commit"=>"Deposit", "id"=>"1"}
  [1m[35mUser Load (0.4ms)[0m  SELECT `users`.* FROM `users` WHERE `users`.`id` = 1 LIMIT 1
  [1m[36mAccount Load (0.3ms)[0m  [1mSELECT `accounts`.* FROM `accounts` WHERE `accounts`.`id` = 1 LIMIT 1[0m
  [1m[35m (0.2ms)[0m  BEGIN
  [1m[36m (0.9ms)[0m  [1mUPDATE `accounts` SET `balance` = 5050 WHERE `accounts`.`id` = 1[0m
  [1m[35m (41.5ms)[0m  COMMIT
Redirected to http://192.168.1.77:3000/accounts
Completed 302 Found in 49ms (ActiveRecord: 43.2ms)


Started GET "/accounts" for 192.168.1.75 at 2012-05-25 18:14:34 -0400
Processing by AccountsController#index as HTML
  [1m[36mUser Load (0.4ms)[0m  [1mSELECT `users`.* FROM `users` WHERE `users`.`id` = 1 LIMIT 1[0m
  [1m[35mCACHE (0.0ms)[0m  SELECT `users`.* FROM `users` WHERE `users`.`id` = 1 LIMIT 1
  [1m[36m (0.6ms)[0m  [1mSELECT COUNT(*) FROM `accounts` WHERE `accounts`.`user_id` = 1[0m
  [1m[35mAccount Load (0.8ms)[0m  SELECT `accounts`.* FROM `accounts` WHERE `accounts`.`user_id` = 1
  Rendered accounts/index.html.haml within layouts/application (41.4ms)
Completed 200 OK in 46ms (Views: 42.3ms | ActiveRecord: 1.8ms)


Started GET "/accounts/1/withdraw" for 192.168.1.75 at 2012-05-25 18:14:38 -0400
Processing by AccountsController#withdraw as HTML
  Parameters: {"id"=>"1"}
  [1m[36mUser Load (0.4ms)[0m  [1mSELECT `users`.* FROM `users` WHERE `users`.`id` = 1 LIMIT 1[0m
  [1m[35mAccount Load (0.6ms)[0m  SELECT `accounts`.* FROM `accounts` WHERE `accounts`.`id` = 1 LIMIT 1
  Rendered accounts/withdraw.html.haml within layouts/application (3.1ms)
Completed 200 OK in 8ms (Views: 5.1ms | ActiveRecord: 1.0ms)


Started POST "/accounts/1/withdraw" for 192.168.1.75 at 2012-05-25 18:14:40 -0400
Processing by AccountsController#withdraw as HTML
  Parameters: {"utf8"=>"✓", "authenticity_token"=>"SiP+9lhDeYbFOkpqezpCx/RSIQf2nfeg3ItBd0O/Jfg=", "amount"=>"50", "commit"=>"Withdraw", "id"=>"1"}
  [1m[36mUser Load (0.4ms)[0m  [1mSELECT `users`.* FROM `users` WHERE `users`.`id` = 1 LIMIT 1[0m
  [1m[35mAccount Load (0.3ms)[0m  SELECT `accounts`.* FROM `accounts` WHERE `accounts`.`id` = 1 LIMIT 1
  [1m[36m (0.2ms)[0m  [1mBEGIN[0m
  [1m[35m (0.6ms)[0m  UPDATE `accounts` SET `balance` = 5000 WHERE `accounts`.`id` = 1
  [1m[36m (35.2ms)[0m  [1mCOMMIT[0m
Redirected to http://192.168.1.77:3000/accounts
Completed 302 Found in 40ms (ActiveRecord: 36.6ms)


Started GET "/accounts" for 192.168.1.75 at 2012-05-25 18:14:40 -0400
Processing by AccountsController#index as HTML
  [1m[35mUser Load (0.3ms)[0m  SELECT `users`.* FROM `users` WHERE `users`.`id` = 1 LIMIT 1
  [1m[36mCACHE (0.0ms)[0m  [1mSELECT `users`.* FROM `users` WHERE `users`.`id` = 1 LIMIT 1[0m
  [1m[35m (0.6ms)[0m  SELECT COUNT(*) FROM `accounts` WHERE `accounts`.`user_id` = 1
  [1m[36mAccount Load (0.8ms)[0m  [1mSELECT `accounts`.* FROM `accounts` WHERE `accounts`.`user_id` = 1[0m
  Rendered accounts/index.html.haml within layouts/application (5.3ms)
Completed 200 OK in 9ms (Views: 5.8ms | ActiveRecord: 1.7ms)


Started GET "/accounts/1/transfer" for 192.168.1.75 at 2012-05-25 18:14:42 -0400
Processing by AccountsController#transfer as HTML
  Parameters: {"id"=>"1"}
  [1m[35mUser Load (0.3ms)[0m  SELECT `users`.* FROM `users` WHERE `users`.`id` = 1 LIMIT 1
  [1m[36mAccount Load (0.6ms)[0m  [1mSELECT `accounts`.* FROM `accounts` WHERE `accounts`.`id` = 1 LIMIT 1[0m
  Rendered accounts/transfer.html.haml within layouts/application (3.4ms)
Completed 500 Internal Server Error in 8ms

ActionView::Template::Error (undefined method `map' for nil:NilClass):
    3:   = text_field_tag :amount
    4:   %br/
    5:   = label_tag 'recipient', "Recipient"
    6:   = select_tag 'recipient', options_from_collection_for_select(@recipients, :id, :name)
    7:   %br/
    8:   = submit_tag "Withdraw"
  app/views/accounts/transfer.html.haml:6:in `block in _app_views_accounts_transfer_html_haml___3349626407877652398_29938200'
  app/views/accounts/transfer.html.haml:1:in `_app_views_accounts_transfer_html_haml___3349626407877652398_29938200'


  Rendered /usr/local/lib/ruby/gems/1.9.1/gems/actionpack-3.2.2/lib/action_dispatch/middleware/templates/rescues/_trace.erb (5.1ms)
  Rendered /usr/local/lib/ruby/gems/1.9.1/gems/actionpack-3.2.2/lib/action_dispatch/middleware/templates/rescues/_request_and_response.erb (1.2ms)
  Rendered /usr/local/lib/ruby/gems/1.9.1/gems/actionpack-3.2.2/lib/action_dispatch/middleware/templates/rescues/template_error.erb within rescues/layout (15.1ms)


Started GET "/accounts/1/transfer" for 192.168.1.75 at 2012-05-25 18:17:17 -0400
Processing by AccountsController#transfer as HTML
  Parameters: {"id"=>"1"}
  [1m[35mUser Load (0.4ms)[0m  SELECT `users`.* FROM `users` WHERE `users`.`id` = 1 LIMIT 1
  [1m[36mAccount Load (0.3ms)[0m  [1mSELECT `accounts`.* FROM `accounts` WHERE `accounts`.`id` = 1 LIMIT 1[0m
  [1m[35mCACHE (0.0ms)[0m  SELECT `users`.* FROM `users` WHERE `users`.`id` = 1 LIMIT 1
  Rendered accounts/transfer.html.haml within layouts/application (1.8ms)
Completed 500 Internal Server Error in 33ms

ActionView::Template::Error (undefined method `map' for nil:NilClass):
    3:   = text_field_tag :amount
    4:   %br/
    5:   = label_tag 'recipient', "Recipient"
    6:   = select_tag 'recipient', options_from_collection_for_select(@recipients, :id, :name)
    7:   %br/
    8:   = submit_tag "Withdraw"
  app/views/accounts/transfer.html.haml:6:in `block in _app_views_accounts_transfer_html_haml___3349626407877652398_29938200'
  app/views/accounts/transfer.html.haml:1:in `_app_views_accounts_transfer_html_haml___3349626407877652398_29938200'


  Rendered /usr/local/lib/ruby/gems/1.9.1/gems/actionpack-3.2.2/lib/action_dispatch/middleware/templates/rescues/_trace.erb (5.1ms)
  Rendered /usr/local/lib/ruby/gems/1.9.1/gems/actionpack-3.2.2/lib/action_dispatch/middleware/templates/rescues/_request_and_response.erb (1.2ms)
  Rendered /usr/local/lib/ruby/gems/1.9.1/gems/actionpack-3.2.2/lib/action_dispatch/middleware/templates/rescues/template_error.erb within rescues/layout (15.1ms)


Started GET "/accounts/1/transfer" for 192.168.1.75 at 2012-05-25 18:17:18 -0400
Processing by AccountsController#transfer as HTML
  Parameters: {"id"=>"1"}
  [1m[36mUser Load (0.4ms)[0m  [1mSELECT `users`.* FROM `users` WHERE `users`.`id` = 1 LIMIT 1[0m
  [1m[35mAccount Load (0.3ms)[0m  SELECT `accounts`.* FROM `accounts` WHERE `accounts`.`id` = 1 LIMIT 1
  [1m[36mCACHE (0.0ms)[0m  [1mSELECT `users`.* FROM `users` WHERE `users`.`id` = 1 LIMIT 1[0m
  Rendered accounts/transfer.html.haml within layouts/application (35.1ms)
Completed 500 Internal Server Error in 40ms

ActionView::Template::Error (undefined method `map' for nil:NilClass):
    3:   = text_field_tag :amount
    4:   %br/
    5:   = label_tag 'recipient', "Recipient"
    6:   = select_tag 'recipient', options_from_collection_for_select(@recipients, :id, :name)
    7:   %br/
    8:   = submit_tag "Withdraw"
  app/views/accounts/transfer.html.haml:6:in `block in _app_views_accounts_transfer_html_haml___3349626407877652398_29938200'
  app/views/accounts/transfer.html.haml:1:in `_app_views_accounts_transfer_html_haml___3349626407877652398_29938200'


  Rendered /usr/local/lib/ruby/gems/1.9.1/gems/actionpack-3.2.2/lib/action_dispatch/middleware/templates/rescues/_trace.erb (5.2ms)
  Rendered /usr/local/lib/ruby/gems/1.9.1/gems/actionpack-3.2.2/lib/action_dispatch/middleware/templates/rescues/_request_and_response.erb (1.3ms)
  Rendered /usr/local/lib/ruby/gems/1.9.1/gems/actionpack-3.2.2/lib/action_dispatch/middleware/templates/rescues/template_error.erb within rescues/layout (15.4ms)


Started GET "/accounts/1/transfer" for 192.168.1.75 at 2012-05-25 18:17:40 -0400
Processing by AccountsController#transfer as HTML
  Parameters: {"id"=>"1"}
  [1m[35mUser Load (0.4ms)[0m  SELECT `users`.* FROM `users` WHERE `users`.`id` = 1 LIMIT 1
  [1m[36mAccount Load (0.4ms)[0m  [1mSELECT `accounts`.* FROM `accounts` WHERE `accounts`.`id` = 1 LIMIT 1[0m
  [1m[35mCACHE (0.0ms)[0m  SELECT `users`.* FROM `users` WHERE `users`.`id` = 1 LIMIT 1
  [1m[36mAccount Load (0.9ms)[0m  [1mSELECT `accounts`.* FROM `accounts` WHERE `accounts`.`user_id` = 1 AND (id != 1)[0m
  Rendered accounts/transfer.html.haml within layouts/application (3.8ms)
Completed 200 OK in 40ms (Views: 5.4ms | ActiveRecord: 4.3ms)


Started GET "/accounts/1/transfer" for 192.168.1.75 at 2012-05-25 18:18:09 -0400
Processing by AccountsController#transfer as HTML
  Parameters: {"id"=>"1"}
  [1m[35mUser Load (0.4ms)[0m  SELECT `users`.* FROM `users` WHERE `users`.`id` = 1 LIMIT 1
  [1m[36mAccount Load (0.7ms)[0m  [1mSELECT `accounts`.* FROM `accounts` WHERE `accounts`.`id` = 1 LIMIT 1[0m
  [1m[35mCACHE (0.0ms)[0m  SELECT `users`.* FROM `users` WHERE `users`.`id` = 1 LIMIT 1
  [1m[36mAccount Load (0.9ms)[0m  [1mSELECT `accounts`.* FROM `accounts` WHERE `accounts`.`user_id` = 1 AND (id != 1)[0m
  Rendered accounts/transfer.html.haml within layouts/application (3.6ms)
Completed 200 OK in 9ms (Views: 4.7ms | ActiveRecord: 1.9ms)


Started POST "/accounts/1/transfer" for 192.168.1.75 at 2012-05-25 18:18:14 -0400
Processing by AccountsController#transfer as HTML
  Parameters: {"utf8"=>"✓", "authenticity_token"=>"SiP+9lhDeYbFOkpqezpCx/RSIQf2nfeg3ItBd0O/Jfg=", "amount"=>"1000", "recipient"=>"3", "commit"=>"Withdraw", "id"=>"1"}
  [1m[35mUser Load (0.3ms)[0m  SELECT `users`.* FROM `users` WHERE `users`.`id` = 1 LIMIT 1
  [1m[36mAccount Load (0.3ms)[0m  [1mSELECT `accounts`.* FROM `accounts` WHERE `accounts`.`id` = 1 LIMIT 1[0m
  [1m[35mAccount Load (0.6ms)[0m  SELECT `accounts`.* FROM `accounts` WHERE `accounts`.`id` = 3 LIMIT 1
  [1m[36m (0.2ms)[0m  [1mBEGIN[0m
  [1m[35m (0.5ms)[0m  UPDATE `accounts` SET `balance` = 4000 WHERE `accounts`.`id` = 1
  [1m[36m (40.5ms)[0m  [1mCOMMIT[0m
  [1m[35m (0.3ms)[0m  BEGIN
  [1m[36m (0.6ms)[0m  [1mUPDATE `accounts` SET `balance` = 5000 WHERE `accounts`.`id` = 3[0m
  [1m[35m (11.0ms)[0m  COMMIT
Redirected to http://192.168.1.77:3000/accounts
Completed 302 Found in 61ms (ActiveRecord: 54.4ms)


Started GET "/accounts" for 192.168.1.75 at 2012-05-25 18:18:14 -0400
Processing by AccountsController#index as HTML
  [1m[36mUser Load (0.4ms)[0m  [1mSELECT `users`.* FROM `users` WHERE `users`.`id` = 1 LIMIT 1[0m
  [1m[35mCACHE (0.0ms)[0m  SELECT `users`.* FROM `users` WHERE `users`.`id` = 1 LIMIT 1
  [1m[36m (0.6ms)[0m  [1mSELECT COUNT(*) FROM `accounts` WHERE `accounts`.`user_id` = 1[0m
  [1m[35mAccount Load (0.8ms)[0m  SELECT `accounts`.* FROM `accounts` WHERE `accounts`.`user_id` = 1
  Rendered accounts/index.html.haml within layouts/application (6.3ms)
Completed 200 OK in 11ms (Views: 6.9ms | ActiveRecord: 1.8ms)


Started GET "/accounts/3/transfer" for 192.168.1.75 at 2012-05-25 18:18:19 -0400
Processing by AccountsController#transfer as HTML
  Parameters: {"id"=>"3"}
  [1m[36mUser Load (0.4ms)[0m  [1mSELECT `users`.* FROM `users` WHERE `users`.`id` = 1 LIMIT 1[0m
  [1m[35mAccount Load (0.6ms)[0m  SELECT `accounts`.* FROM `accounts` WHERE `accounts`.`id` = 3 LIMIT 1
  [1m[36mCACHE (0.0ms)[0m  [1mSELECT `users`.* FROM `users` WHERE `users`.`id` = 1 LIMIT 1[0m
  [1m[35mAccount Load (0.8ms)[0m  SELECT `accounts`.* FROM `accounts` WHERE `accounts`.`user_id` = 1 AND (id != 3)
  Rendered accounts/transfer.html.haml within layouts/application (3.5ms)
Completed 200 OK in 9ms (Views: 4.6ms | ActiveRecord: 1.8ms)


Started POST "/accounts/3/transfer" for 192.168.1.75 at 2012-05-25 18:18:22 -0400
Processing by AccountsController#transfer as HTML
  Parameters: {"utf8"=>"✓", "authenticity_token"=>"SiP+9lhDeYbFOkpqezpCx/RSIQf2nfeg3ItBd0O/Jfg=", "amount"=>"1000", "recipient"=>"1", "commit"=>"Withdraw", "id"=>"3"}
  [1m[36mUser Load (0.3ms)[0m  [1mSELECT `users`.* FROM `users` WHERE `users`.`id` = 1 LIMIT 1[0m
  [1m[35mAccount Load (0.3ms)[0m  SELECT `accounts`.* FROM `accounts` WHERE `accounts`.`id` = 3 LIMIT 1
  [1m[36mAccount Load (0.6ms)[0m  [1mSELECT `accounts`.* FROM `accounts` WHERE `accounts`.`id` = 1 LIMIT 1[0m
  [1m[35m (0.2ms)[0m  BEGIN
  [1m[36m (0.6ms)[0m  [1mUPDATE `accounts` SET `balance` = 4000 WHERE `accounts`.`id` = 3[0m
  [1m[35m (46.0ms)[0m  COMMIT
  [1m[36m (0.2ms)[0m  [1mBEGIN[0m
  [1m[35m (0.6ms)[0m  UPDATE `accounts` SET `balance` = 5000 WHERE `accounts`.`id` = 1
  [1m[36m (10.1ms)[0m  [1mCOMMIT[0m
Redirected to http://192.168.1.77:3000/accounts
Completed 302 Found in 64ms (ActiveRecord: 58.9ms)


Started GET "/accounts" for 192.168.1.75 at 2012-05-25 18:18:22 -0400
Processing by AccountsController#index as HTML
  [1m[35mUser Load (0.3ms)[0m  SELECT `users`.* FROM `users` WHERE `users`.`id` = 1 LIMIT 1
  [1m[36mCACHE (0.0ms)[0m  [1mSELECT `users`.* FROM `users` WHERE `users`.`id` = 1 LIMIT 1[0m
  [1m[35m (0.6ms)[0m  SELECT COUNT(*) FROM `accounts` WHERE `accounts`.`user_id` = 1
  [1m[36mAccount Load (0.8ms)[0m  [1mSELECT `accounts`.* FROM `accounts` WHERE `accounts`.`user_id` = 1[0m
  Rendered accounts/index.html.haml within layouts/application (6.1ms)
Completed 200 OK in 9ms (Views: 6.6ms | ActiveRecord: 1.7ms)


Started GET "/accounts/3/withdraw" for 192.168.1.75 at 2012-05-25 18:18:37 -0400
Processing by AccountsController#withdraw as HTML
  Parameters: {"id"=>"3"}
  [1m[35mUser Load (0.4ms)[0m  SELECT `users`.* FROM `users` WHERE `users`.`id` = 1 LIMIT 1
  [1m[36mAccount Load (0.6ms)[0m  [1mSELECT `accounts`.* FROM `accounts` WHERE `accounts`.`id` = 3 LIMIT 1[0m
  Rendered accounts/withdraw.html.haml within layouts/application (2.2ms)
Completed 200 OK in 41ms (Views: 37.4ms | ActiveRecord: 1.0ms)


Started POST "/accounts/3/withdraw" for 192.168.1.75 at 2012-05-25 18:18:39 -0400
Processing by AccountsController#withdraw as HTML
  Parameters: {"utf8"=>"✓", "authenticity_token"=>"SiP+9lhDeYbFOkpqezpCx/RSIQf2nfeg3ItBd0O/Jfg=", "amount"=>"1000", "commit"=>"Withdraw", "id"=>"3"}
  [1m[35mUser Load (0.4ms)[0m  SELECT `users`.* FROM `users` WHERE `users`.`id` = 1 LIMIT 1
  [1m[36mAccount Load (0.3ms)[0m  [1mSELECT `accounts`.* FROM `accounts` WHERE `accounts`.`id` = 3 LIMIT 1[0m
  [1m[35m (0.2ms)[0m  BEGIN
  [1m[36m (0.6ms)[0m  [1mUPDATE `accounts` SET `balance` = 3000 WHERE `accounts`.`id` = 3[0m
  [1m[35m (40.1ms)[0m  COMMIT
Redirected to http://192.168.1.77:3000/accounts
Completed 302 Found in 45ms (ActiveRecord: 41.6ms)


Started GET "/accounts" for 192.168.1.75 at 2012-05-25 18:18:39 -0400
Processing by AccountsController#index as HTML
  [1m[36mUser Load (0.4ms)[0m  [1mSELECT `users`.* FROM `users` WHERE `users`.`id` = 1 LIMIT 1[0m
  [1m[35mCACHE (0.0ms)[0m  SELECT `users`.* FROM `users` WHERE `users`.`id` = 1 LIMIT 1
  [1m[36m (0.6ms)[0m  [1mSELECT COUNT(*) FROM `accounts` WHERE `accounts`.`user_id` = 1[0m
  [1m[35mAccount Load (0.8ms)[0m  SELECT `accounts`.* FROM `accounts` WHERE `accounts`.`user_id` = 1
  Rendered accounts/index.html.haml within layouts/application (6.5ms)
Completed 200 OK in 10ms (Views: 7.1ms | ActiveRecord: 1.8ms)


Started GET "/accounts/1/deposit" for 192.168.1.75 at 2012-05-25 18:18:57 -0400
Processing by AccountsController#deposit as HTML
  Parameters: {"id"=>"1"}
  [1m[36mUser Load (0.3ms)[0m  [1mSELECT `users`.* FROM `users` WHERE `users`.`id` = 1 LIMIT 1[0m
  [1m[35mAccount Load (0.6ms)[0m  SELECT `accounts`.* FROM `accounts` WHERE `accounts`.`id` = 1 LIMIT 1
  Rendered accounts/deposit.html.haml within layouts/application (1.6ms)
Completed 200 OK in 7ms (Views: 3.5ms | ActiveRecord: 1.0ms)


Started GET "/accounts/2/withdraw" for 192.168.1.75 at 2012-05-25 18:22:45 -0400
Processing by AccountsController#withdraw as HTML
  Parameters: {"id"=>"2"}
  [1m[36mUser Load (0.4ms)[0m  [1mSELECT `users`.* FROM `users` WHERE `users`.`id` = 1 LIMIT 1[0m
  [1m[35mAccount Load (0.9ms)[0m  SELECT `accounts`.* FROM `accounts` WHERE `accounts`.`id` = 2 LIMIT 1
  Rendered accounts/withdraw.html.haml within layouts/application (1.6ms)
Completed 200 OK in 7ms (Views: 3.5ms | ActiveRecord: 1.2ms)


Started POST "/accounts/2/withdraw" for 192.168.1.75 at 2012-05-25 18:22:48 -0400
Processing by AccountsController#withdraw as HTML
  Parameters: {"utf8"=>"✓", "authenticity_token"=>"SiP+9lhDeYbFOkpqezpCx/RSIQf2nfeg3ItBd0O/Jfg=", "amount"=>"5000", "commit"=>"Withdraw", "id"=>"2"}
  [1m[36mUser Load (0.3ms)[0m  [1mSELECT `users`.* FROM `users` WHERE `users`.`id` = 1 LIMIT 1[0m
  [1m[35mAccount Load (0.3ms)[0m  SELECT `accounts`.* FROM `accounts` WHERE `accounts`.`id` = 2 LIMIT 1
Redirected to http://192.168.1.77:3000/accounts
Completed 302 Found in 3ms (ActiveRecord: 0.6ms)


Started GET "/accounts" for 192.168.1.75 at 2012-05-25 18:22:48 -0400
Processing by AccountsController#index as HTML
  [1m[36mUser Load (0.3ms)[0m  [1mSELECT `users`.* FROM `users` WHERE `users`.`id` = 1 LIMIT 1[0m
  [1m[35mCACHE (0.0ms)[0m  SELECT `users`.* FROM `users` WHERE `users`.`id` = 1 LIMIT 1
  [1m[36m (0.2ms)[0m  [1mSELECT COUNT(*) FROM `accounts` WHERE `accounts`.`user_id` = 1[0m
  [1m[35mAccount Load (0.3ms)[0m  SELECT `accounts`.* FROM `accounts` WHERE `accounts`.`user_id` = 1
  Rendered accounts/index.html.haml within layouts/application (5.5ms)
Completed 200 OK in 9ms (Views: 7.0ms | ActiveRecord: 0.8ms)


Started GET "/accounts/2/transfer" for 192.168.1.75 at 2012-05-25 18:22:57 -0400
Processing by AccountsController#transfer as HTML
  Parameters: {"id"=>"2"}
  [1m[36mUser Load (0.4ms)[0m  [1mSELECT `users`.* FROM `users` WHERE `users`.`id` = 1 LIMIT 1[0m
  [1m[35mAccount Load (0.3ms)[0m  SELECT `accounts`.* FROM `accounts` WHERE `accounts`.`id` = 2 LIMIT 1
  [1m[36mCACHE (0.0ms)[0m  [1mSELECT `users`.* FROM `users` WHERE `users`.`id` = 1 LIMIT 1[0m
  [1m[35mAccount Load (0.8ms)[0m  SELECT `accounts`.* FROM `accounts` WHERE `accounts`.`user_id` = 1 AND (id != 2)
  Rendered accounts/transfer.html.haml within layouts/application (3.5ms)
Completed 200 OK in 9ms (Views: 4.7ms | ActiveRecord: 1.4ms)


Started POST "/accounts/2/transfer" for 192.168.1.75 at 2012-05-25 18:23:01 -0400
Processing by AccountsController#transfer as HTML
  Parameters: {"utf8"=>"✓", "authenticity_token"=>"SiP+9lhDeYbFOkpqezpCx/RSIQf2nfeg3ItBd0O/Jfg=", "amount"=>"50000", "recipient"=>"3", "commit"=>"Withdraw", "id"=>"2"}
  [1m[36mUser Load (0.4ms)[0m  [1mSELECT `users`.* FROM `users` WHERE `users`.`id` = 1 LIMIT 1[0m
  [1m[35mAccount Load (0.3ms)[0m  SELECT `accounts`.* FROM `accounts` WHERE `accounts`.`id` = 2 LIMIT 1
  [1m[36mAccount Load (0.7ms)[0m  [1mSELECT `accounts`.* FROM `accounts` WHERE `accounts`.`id` = 3 LIMIT 1[0m
Redirected to http://192.168.1.77:3000/accounts
Completed 302 Found in 4ms (ActiveRecord: 1.3ms)


Started GET "/accounts" for 192.168.1.75 at 2012-05-25 18:23:01 -0400
Processing by AccountsController#index as HTML
  [1m[35mUser Load (0.4ms)[0m  SELECT `users`.* FROM `users` WHERE `users`.`id` = 1 LIMIT 1
  [1m[36mCACHE (0.0ms)[0m  [1mSELECT `users`.* FROM `users` WHERE `users`.`id` = 1 LIMIT 1[0m
  [1m[35m (0.2ms)[0m  SELECT COUNT(*) FROM `accounts` WHERE `accounts`.`user_id` = 1
  [1m[36mAccount Load (0.3ms)[0m  [1mSELECT `accounts`.* FROM `accounts` WHERE `accounts`.`user_id` = 1[0m
  Rendered accounts/index.html.haml within layouts/application (5.5ms)
Completed 200 OK in 9ms (Views: 7.0ms | ActiveRecord: 0.9ms)


Started GET "/accounts" for 192.168.1.75 at 2012-05-28 08:58:46 -0400

Mysql2::Error (Can't connect to MySQL server on 'rubydev' (113)):
  mysql2 (0.3.11) lib/mysql2/client.rb:44:in `connect'
  mysql2 (0.3.11) lib/mysql2/client.rb:44:in `initialize'
  activerecord (3.2.2) lib/active_record/connection_adapters/mysql2_adapter.rb:16:in `new'
  activerecord (3.2.2) lib/active_record/connection_adapters/mysql2_adapter.rb:16:in `mysql2_connection'
  activerecord (3.2.2) lib/active_record/connection_adapters/abstract/connection_pool.rb:277:in `new_connection'
  activerecord (3.2.2) lib/active_record/connection_adapters/abstract/connection_pool.rb:287:in `checkout_new_connection'
  activerecord (3.2.2) lib/active_record/connection_adapters/abstract/connection_pool.rb:235:in `block (2 levels) in checkout'
  activerecord (3.2.2) lib/active_record/connection_adapters/abstract/connection_pool.rb:230:in `loop'
  activerecord (3.2.2) lib/active_record/connection_adapters/abstract/connection_pool.rb:230:in `block in checkout'
  /usr/local/lib/ruby/1.9.1/monitor.rb:211:in `mon_synchronize'
  activerecord (3.2.2) lib/active_record/connection_adapters/abstract/connection_pool.rb:229:in `checkout'
  activerecord (3.2.2) lib/active_record/connection_adapters/abstract/connection_pool.rb:95:in `connection'
  activerecord (3.2.2) lib/active_record/connection_adapters/abstract/connection_pool.rb:374:in `retrieve_connection'
  activerecord (3.2.2) lib/active_record/connection_adapters/abstract/connection_specification.rb:168:in `retrieve_connection'
  activerecord (3.2.2) lib/active_record/connection_adapters/abstract/connection_specification.rb:142:in `connection'
  activerecord (3.2.2) lib/active_record/query_cache.rb:67:in `rescue in call'
  activerecord (3.2.2) lib/active_record/query_cache.rb:61:in `call'
  activerecord (3.2.2) lib/active_record/connection_adapters/abstract/connection_pool.rb:443:in `call'
  actionpack (3.2.2) lib/action_dispatch/middleware/callbacks.rb:28:in `block in call'
  activesupport (3.2.2) lib/active_support/callbacks.rb:405:in `_run__3161638375459595310__call__3170393948103250306__callbacks'
  activesupport (3.2.2) lib/active_support/callbacks.rb:405:in `__run_callback'
  activesupport (3.2.2) lib/active_support/callbacks.rb:385:in `_run_call_callbacks'
  activesupport (3.2.2) lib/active_support/callbacks.rb:81:in `run_callbacks'
  actionpack (3.2.2) lib/action_dispatch/middleware/callbacks.rb:27:in `call'
  actionpack (3.2.2) lib/action_dispatch/middleware/reloader.rb:65:in `call'
  actionpack (3.2.2) lib/action_dispatch/middleware/remote_ip.rb:31:in `call'
  actionpack (3.2.2) lib/action_dispatch/middleware/debug_exceptions.rb:16:in `call'
  actionpack (3.2.2) lib/action_dispatch/middleware/show_exceptions.rb:56:in `call'
  railties (3.2.2) lib/rails/rack/logger.rb:26:in `call_app'
  railties (3.2.2) lib/rails/rack/logger.rb:16:in `call'
  actionpack (3.2.2) lib/action_dispatch/middleware/request_id.rb:22:in `call'
  rack (1.4.1) lib/rack/methodoverride.rb:21:in `call'
  rack (1.4.1) lib/rack/runtime.rb:17:in `call'
  activesupport (3.2.2) lib/active_support/cache/strategy/local_cache.rb:72:in `call'
  rack (1.4.1) lib/rack/lock.rb:15:in `call'
  actionpack (3.2.2) lib/action_dispatch/middleware/static.rb:61:in `call'
  railties (3.2.2) lib/rails/engine.rb:479:in `call'
  railties (3.2.2) lib/rails/application.rb:220:in `call'
  rack (1.4.1) lib/rack/content_length.rb:14:in `call'
  railties (3.2.2) lib/rails/rack/log_tailer.rb:14:in `call'
  rack (1.4.1) lib/rack/handler/webrick.rb:59:in `service'
  /usr/local/lib/ruby/1.9.1/webrick/httpserver.rb:138:in `service'
  /usr/local/lib/ruby/1.9.1/webrick/httpserver.rb:94:in `run'
  /usr/local/lib/ruby/1.9.1/webrick/server.rb:191:in `block in start_thread'


  Rendered /usr/local/lib/ruby/gems/1.9.1/gems/actionpack-3.2.2/lib/action_dispatch/middleware/templates/rescues/_trace.erb (1.8ms)
  Rendered /usr/local/lib/ruby/gems/1.9.1/gems/actionpack-3.2.2/lib/action_dispatch/middleware/templates/rescues/_request_and_response.erb (0.8ms)
  Rendered /usr/local/lib/ruby/gems/1.9.1/gems/actionpack-3.2.2/lib/action_dispatch/middleware/templates/rescues/diagnostics.erb within rescues/layout (8.3ms)


Started GET "/favicon.ico" for 192.168.1.75 at 2012-05-28 15:08:05 -0400

ActionController::RoutingError (No route matches [GET] "/favicon.ico"):
  actionpack (3.2.2) lib/action_dispatch/middleware/debug_exceptions.rb:21:in `call'
  actionpack (3.2.2) lib/action_dispatch/middleware/show_exceptions.rb:56:in `call'
  railties (3.2.2) lib/rails/rack/logger.rb:26:in `call_app'
  railties (3.2.2) lib/rails/rack/logger.rb:16:in `call'
  actionpack (3.2.2) lib/action_dispatch/middleware/request_id.rb:22:in `call'
  rack (1.4.1) lib/rack/methodoverride.rb:21:in `call'
  rack (1.4.1) lib/rack/runtime.rb:17:in `call'
  activesupport (3.2.2) lib/active_support/cache/strategy/local_cache.rb:72:in `call'
  rack (1.4.1) lib/rack/lock.rb:15:in `call'
  actionpack (3.2.2) lib/action_dispatch/middleware/static.rb:61:in `call'
  railties (3.2.2) lib/rails/engine.rb:479:in `call'
  railties (3.2.2) lib/rails/application.rb:220:in `call'
  rack (1.4.1) lib/rack/content_length.rb:14:in `call'
  railties (3.2.2) lib/rails/rack/log_tailer.rb:14:in `call'
  rack (1.4.1) lib/rack/handler/webrick.rb:59:in `service'
  /usr/local/lib/ruby/1.9.1/webrick/httpserver.rb:138:in `service'
  /usr/local/lib/ruby/1.9.1/webrick/httpserver.rb:94:in `run'
  /usr/local/lib/ruby/1.9.1/webrick/server.rb:191:in `block in start_thread'


  Rendered /usr/local/lib/ruby/gems/1.9.1/gems/actionpack-3.2.2/lib/action_dispatch/middleware/templates/rescues/routing_error.erb within rescues/layout (0.7ms)


Started GET "/accounts" for 192.168.1.75 at 2012-05-28 15:08:09 -0400
Processing by AccountsController#index as HTML
  [1m[35mUser Load (0.9ms)[0m  SELECT `users`.* FROM `users` WHERE `users`.`id` = 1 LIMIT 1
  [1m[36mCACHE (0.0ms)[0m  [1mSELECT `users`.* FROM `users` WHERE `users`.`id` = 1 LIMIT 1[0m
Completed 500 Internal Server Error in 7ms

ActionView::MissingTemplate (Missing template accounts/index, application/index with {:locale=>[:en], :formats=>[:html], :handlers=>[:erb, :builder, :haml, :rjs]}. Searched in:
  * "/home/dvandersluis/tdd/app/views"
):
  actionpack (3.2.2) lib/action_view/path_set.rb:58:in `find'
  actionpack (3.2.2) lib/action_view/lookup_context.rb:109:in `find'
  actionpack (3.2.2) lib/action_view/renderer/abstract_renderer.rb:3:in `find_template'
  actionpack (3.2.2) lib/action_view/renderer/template_renderer.rb:29:in `determine_template'
  actionpack (3.2.2) lib/action_view/renderer/template_renderer.rb:10:in `render'
  actionpack (3.2.2) lib/action_view/renderer/renderer.rb:36:in `render_template'
  actionpack (3.2.2) lib/action_view/renderer/renderer.rb:17:in `render'
  actionpack (3.2.2) lib/abstract_controller/rendering.rb:109:in `_render_template'
  actionpack (3.2.2) lib/action_controller/metal/streaming.rb:225:in `_render_template'
  actionpack (3.2.2) lib/abstract_controller/rendering.rb:103:in `render_to_body'
  actionpack (3.2.2) lib/action_controller/metal/renderers.rb:28:in `render_to_body'
  actionpack (3.2.2) lib/action_controller/metal/compatibility.rb:50:in `render_to_body'
  actionpack (3.2.2) lib/abstract_controller/rendering.rb:88:in `render'
  actionpack (3.2.2) lib/action_controller/metal/rendering.rb:16:in `render'
  actionpack (3.2.2) lib/action_controller/metal/instrumentation.rb:40:in `block (2 levels) in render'
  activesupport (3.2.2) lib/active_support/core_ext/benchmark.rb:5:in `block in ms'
  /usr/local/lib/ruby/1.9.1/benchmark.rb:295:in `realtime'
  activesupport (3.2.2) lib/active_support/core_ext/benchmark.rb:5:in `ms'
  actionpack (3.2.2) lib/action_controller/metal/instrumentation.rb:40:in `block in render'
  actionpack (3.2.2) lib/action_controller/metal/instrumentation.rb:83:in `cleanup_view_runtime'
  activerecord (3.2.2) lib/active_record/railties/controller_runtime.rb:24:in `cleanup_view_runtime'
  actionpack (3.2.2) lib/action_controller/metal/instrumentation.rb:39:in `render'
  actionpack (3.2.2) lib/action_controller/metal/implicit_render.rb:10:in `default_render'
  actionpack (3.2.2) lib/action_controller/metal/implicit_render.rb:5:in `send_action'
  actionpack (3.2.2) lib/abstract_controller/base.rb:167:in `process_action'
  actionpack (3.2.2) lib/action_controller/metal/rendering.rb:10:in `process_action'
  actionpack (3.2.2) lib/abstract_controller/callbacks.rb:18:in `block in process_action'
  activesupport (3.2.2) lib/active_support/callbacks.rb:425:in `_run__1292830239709374885__process_action__3514595779018838658__callbacks'
  activesupport (3.2.2) lib/active_support/callbacks.rb:405:in `__run_callback'
  activesupport (3.2.2) lib/active_support/callbacks.rb:385:in `_run_process_action_callbacks'
  activesupport (3.2.2) lib/active_support/callbacks.rb:81:in `run_callbacks'
  actionpack (3.2.2) lib/abstract_controller/callbacks.rb:17:in `process_action'
  actionpack (3.2.2) lib/action_controller/metal/rescue.rb:29:in `process_action'
  actionpack (3.2.2) lib/action_controller/metal/instrumentation.rb:30:in `block in process_action'
  activesupport (3.2.2) lib/active_support/notifications.rb:123:in `block in instrument'
  activesupport (3.2.2) lib/active_support/notifications/instrumenter.rb:20:in `instrument'
  activesupport (3.2.2) lib/active_support/notifications.rb:123:in `instrument'
  actionpack (3.2.2) lib/action_controller/metal/instrumentation.rb:29:in `process_action'
  actionpack (3.2.2) lib/action_controller/metal/params_wrapper.rb:205:in `process_action'
  activerecord (3.2.2) lib/active_record/railties/controller_runtime.rb:18:in `process_action'
  actionpack (3.2.2) lib/abstract_controller/base.rb:121:in `process'
  actionpack (3.2.2) lib/abstract_controller/rendering.rb:45:in `process'
  actionpack (3.2.2) lib/action_controller/metal.rb:203:in `dispatch'
  actionpack (3.2.2) lib/action_controller/metal/rack_delegation.rb:14:in `dispatch'
  actionpack (3.2.2) lib/action_controller/metal.rb:246:in `block in action'
  actionpack (3.2.2) lib/action_dispatch/routing/route_set.rb:67:in `call'
  actionpack (3.2.2) lib/action_dispatch/routing/route_set.rb:67:in `dispatch'
  actionpack (3.2.2) lib/action_dispatch/routing/route_set.rb:30:in `call'
  journey (1.0.3) lib/journey/router.rb:68:in `block in call'
  journey (1.0.3) lib/journey/router.rb:56:in `each'
  journey (1.0.3) lib/journey/router.rb:56:in `call'
  actionpack (3.2.2) lib/action_dispatch/routing/route_set.rb:594:in `call'
  actionpack (3.2.2) lib/action_dispatch/middleware/best_standards_support.rb:17:in `call'
  rack (1.4.1) lib/rack/etag.rb:23:in `call'
  rack (1.4.1) lib/rack/conditionalget.rb:25:in `call'
  actionpack (3.2.2) lib/action_dispatch/middleware/head.rb:14:in `call'
  actionpack (3.2.2) lib/action_dispatch/middleware/params_parser.rb:21:in `call'
  actionpack (3.2.2) lib/action_dispatch/middleware/flash.rb:242:in `call'
  rack (1.4.1) lib/rack/session/abstract/id.rb:205:in `context'
  rack (1.4.1) lib/rack/session/abstract/id.rb:200:in `call'
  actionpack (3.2.2) lib/action_dispatch/middleware/cookies.rb:338:in `call'
  activerecord (3.2.2) lib/active_record/query_cache.rb:64:in `call'
  activerecord (3.2.2) lib/active_record/connection_adapters/abstract/connection_pool.rb:443:in `call'
  actionpack (3.2.2) lib/action_dispatch/middleware/callbacks.rb:28:in `block in call'
  activesupport (3.2.2) lib/active_support/callbacks.rb:405:in `_run__3161638375459595310__call__3170393948103250306__callbacks'
  activesupport (3.2.2) lib/active_support/callbacks.rb:405:in `__run_callback'
  activesupport (3.2.2) lib/active_support/callbacks.rb:385:in `_run_call_callbacks'
  activesupport (3.2.2) lib/active_support/callbacks.rb:81:in `run_callbacks'
  actionpack (3.2.2) lib/action_dispatch/middleware/callbacks.rb:27:in `call'
  actionpack (3.2.2) lib/action_dispatch/middleware/reloader.rb:65:in `call'
  actionpack (3.2.2) lib/action_dispatch/middleware/remote_ip.rb:31:in `call'
  actionpack (3.2.2) lib/action_dispatch/middleware/debug_exceptions.rb:16:in `call'
  actionpack (3.2.2) lib/action_dispatch/middleware/show_exceptions.rb:56:in `call'
  railties (3.2.2) lib/rails/rack/logger.rb:26:in `call_app'
  railties (3.2.2) lib/rails/rack/logger.rb:16:in `call'
  actionpack (3.2.2) lib/action_dispatch/middleware/request_id.rb:22:in `call'
  rack (1.4.1) lib/rack/methodoverride.rb:21:in `call'
  rack (1.4.1) lib/rack/runtime.rb:17:in `call'
  activesupport (3.2.2) lib/active_support/cache/strategy/local_cache.rb:72:in `call'
  rack (1.4.1) lib/rack/lock.rb:15:in `call'
  actionpack (3.2.2) lib/action_dispatch/middleware/static.rb:61:in `call'
  railties (3.2.2) lib/rails/engine.rb:479:in `call'
  railties (3.2.2) lib/rails/application.rb:220:in `call'
  rack (1.4.1) lib/rack/content_length.rb:14:in `call'
  railties (3.2.2) lib/rails/rack/log_tailer.rb:14:in `call'
  rack (1.4.1) lib/rack/handler/webrick.rb:59:in `service'
  /usr/local/lib/ruby/1.9.1/webrick/httpserver.rb:138:in `service'
  /usr/local/lib/ruby/1.9.1/webrick/httpserver.rb:94:in `run'
  /usr/local/lib/ruby/1.9.1/webrick/server.rb:191:in `block in start_thread'


  Rendered /usr/local/lib/ruby/gems/1.9.1/gems/actionpack-3.2.2/lib/action_dispatch/middleware/templates/rescues/missing_template.erb within rescues/layout (0.6ms)


Started GET "/accounts" for 192.168.1.75 at 2012-05-28 15:08:57 -0400
Processing by AccountsController#index as HTML
  [1m[36mUser Load (0.3ms)[0m  [1mSELECT `users`.* FROM `users` WHERE `users`.`id` = 1 LIMIT 1[0m
  [1m[35mCACHE (0.0ms)[0m  SELECT `users`.* FROM `users` WHERE `users`.`id` = 1 LIMIT 1
  [1m[36m (0.8ms)[0m  [1mSELECT COUNT(*) FROM `accounts` WHERE `accounts`.`user_id` = 1[0m
  [1m[35mAccount Load (0.6ms)[0m  SELECT `accounts`.* FROM `accounts` WHERE `accounts`.`user_id` = 1
  Rendered accounts/index.html.haml within layouts/application (31.0ms)
Completed 200 OK in 98ms (Views: 53.4ms | ActiveRecord: 4.2ms)
